<?xml version="1.0" encoding="UTF-8"?>
<!-- Generated by org.testng.reporters.JUnitReportReporter -->
<testsuite hostname="IN-PG02H7X8" failures="0" tests="2" name="restfull.booking.DeleteBookingTest" time="17.900" errors="0" timestamp="2023-09-12T00:32:14 IST" skipped="0">
  <testcase classname="restfull.booking.DeleteBookingTest" name="DeleteBookingTest01_WhenValidRequst_ShouldReturn200" time="10.091"/>
  <system-out/>
  <testcase classname="restfull.booking.DeleteBookingTest" name="DeleteBookingTest02_WhenInvalidRequst_ShouldReturn400" time="7.809"/>
  <system-out/>
</testsuite> <!-- restfull.booking.DeleteBookingTest -->
