<?xml version="1.0" encoding="UTF-8"?>
<!-- Generated by org.testng.reporters.JUnitReportReporter -->
<testsuite hostname="IN-PG02H7X8" failures="0" tests="1" name="restfull.booking.GetBookingIdsTest" time="4.144" errors="0" timestamp="2023-09-12T00:32:14 IST" skipped="0">
  <testcase classname="restfull.booking.GetBookingIdsTest" name="GetBookingIdsTest01_WhenValidRequst_ShouldReturn200" time="4.144"/>
  <system-out/>
</testsuite> <!-- restfull.booking.GetBookingIdsTest -->
