<?xml version="1.0" encoding="UTF-8"?>
<!-- Generated by org.testng.reporters.JUnitReportReporter -->
<testsuite hostname="IN-PG02H7X8" failures="0" tests="3" name="restfull.booking.GetBookingIdTest" time="14.767" errors="0" timestamp="2023-09-12T00:32:14 IST" skipped="0">
  <testcase classname="restfull.booking.GetBookingIdTest" name="GetBookingIdTest01_WhenValidRequst_ShouldReturn200" time="5.754"/>
  <system-out/>
  <testcase classname="restfull.booking.GetBookingIdTest" name="GetBookingIdTest02_WhenValidRequst_ValidateField" time="5.007"/>
  <system-out/>
  <testcase classname="restfull.booking.GetBookingIdTest" name="GetBookingIdTest03_WhenInvalidRequst_shouldreturn404" time="4.006"/>
  <system-out/>
</testsuite> <!-- restfull.booking.GetBookingIdTest -->
