<?xml version="1.0" encoding="UTF-8"?>
<!-- Generated by org.testng.reporters.JUnitReportReporter -->
<testsuite hostname="IN-PG02H7X8" failures="0" tests="1" name="restfull.booking.PatchPartialUpdateBookingTest" time="14.221" errors="0" timestamp="2023-09-12T00:32:14 IST" skipped="0">
  <testcase classname="restfull.booking.PatchPartialUpdateBookingTest" name="PatchPartialUpdateBookingTest01_WhenValidRequst_ShouldReturn200" time="14.221"/>
  <system-out/>
</testsuite> <!-- restfull.booking.PatchPartialUpdateBookingTest -->
