<?xml version="1.0" encoding="UTF-8"?>
<!-- Generated by org.testng.reporters.JUnitReportReporter -->
<testsuite hostname="IN-PG02H7X8" failures="0" tests="2" name="restfull.booking.PutUpdateBookingTest" time="15.868" errors="0" timestamp="2023-09-12T00:32:14 IST" skipped="0">
  <testcase classname="restfull.booking.PutUpdateBookingTest" name="PutUpdateBookingTest02_WhenTokenInvalid_ShouldReturn403" time="8.092"/>
  <system-out/>
  <testcase classname="restfull.booking.PutUpdateBookingTest" name="PutUpdateBookingTest01_WhenValidRequst_ShouldReturn200" time="7.776"/>
  <system-out/>
</testsuite> <!-- restfull.booking.PutUpdateBookingTest -->
