<?xml version="1.0" encoding="UTF-8"?>
<!-- Generated by org.testng.reporters.JUnitReportReporter -->
<testsuite hostname="IN-PG02H7X8" failures="0" tests="2" name="restfull.booking.PostCreateBookingTest" time="11.006" errors="0" timestamp="2023-09-12T00:32:14 IST" skipped="0">
  <testcase classname="restfull.booking.PostCreateBookingTest" name="PostCreateBookingTest01_WhenValidRequst_ShouldReturn200" time="4.933"/>
  <system-out/>
  <testcase classname="restfull.booking.PostCreateBookingTest" name="PostCreateBookingTest02_WhenValidRequst_ValidateResponseValue" time="6.073"/>
  <system-out/>
</testsuite> <!-- restfull.booking.PostCreateBookingTest -->
